Build started 2/12/2018 4:52:04 PM.
     1>Project "C:\Users\ask85\Documents\GVDB_build\gInteractiveOptix\gInteractiveOptix.vcxproj" on node 2 (Build target(s)).
     1>CustomBuild:
         Generating Debug/optix_mesh_intersect.ptx
         optix_mesh_intersect.cu
         Generating Debug/optix_trace_deep.ptx
         optix_trace_deep.cu
         Generating Debug/optix_trace_miss.ptx
         optix_trace_miss.cu
         Generating Debug/optix_trace_primary.ptx
         optix_trace_primary.cu
         Generating Debug/optix_trace_surface.ptx
     1>optix_trace_surface.cu(105): warning : function "exp(const float3 &)" was declared but never referenced
         
     1>optix_trace_surface.cu(94): warning : function "ShadowRay" was declared but never referenced
         
         optix_trace_surface.cu
         Generating Debug/optix_triangle_mesh.ptx
         optix_triangle_mesh.cu
         Generating Debug/optix_vol_intersect.ptx
     1>C:/Users/ask85/Documents/include\cuda_gvdb_raycast.cuh(369): warning : variable "wp" is used before its value is set
         
         optix_vol_intersect.cu
       ClCompile:
         C:\Program Files (x86)\Microsoft Visual Studio 12.0\VC\bin\CL.exe /c /IC:\Users\ask85\Documents\include /IC:\Users\ask85\Documents\source\sample_utils /I"C:\Program Files\NVIDIA GPU Computing Toolkit\CUDA\v7.5\include" /I"c:\ProgramData\NVIDIA Corporation\OptiX SDK 4.0.0\include" /IC:\Users\ask85\Documents\source\gInteractiveOptix /Zi /nologo /W3 /WX- /Od /Ob0 /Oy- /D WIN32 /D _WINDOWS /D USE_GVDB /D USE_CUDA /D USE_OPTIX /D BUILD_OPTIX /D GVDB_IMPORTS /D GLEW_STATIC /D GLEW_NO_GLU /D "ASSET_PATH=\"C:/Users/ask85/Documents/source/shared_assets/\"" /D "CMAKE_INTDIR=\"Debug\"" /D _MBCS /Gm- /EHsc /RTC1 /MDd /GS /fp:precise /Zc:wchar_t /Zc:forScope /GR /Fo"gInteractiveOptix.dir\Debug\\" /Fd"gInteractiveOptix.dir\Debug\vc120.pdb" /Gd /TP /analyze- /errorReport:prompt C:\Users\ask85\Documents\source\gInteractiveOptix\main_interactive_optix.cpp C:\Users\ask85\Documents\source\gInteractiveOptix\optix_scene.cpp C:\Users\ask85\Documents\source\sample_utils\main_win.cpp
         main_interactive_optix.cpp
     1>c:\users\ask85\documents\include\gvdb_vec.h(89): warning C4244: 'argument' : conversion from 'const float' to 'const int', possible loss of data
     1>c:\users\ask85\documents\include\gvdb_vec.h(92): warning C4244: 'argument' : conversion from 'const float' to 'const int', possible loss of data
     1>c:\users\ask85\documents\include\gvdb_vec.h(95): warning C4244: 'argument' : conversion from 'const float' to 'const int', possible loss of data
     1>c:\users\ask85\documents\include\gvdb_vec.h(98): warning C4244: 'argument' : conversion from 'const float' to 'const int', possible loss of data
         gvdb_node
     1>c:\users\ask85\documents\include\gvdb_node.h(125): warning C4146: unary minus operator applied to unsigned type, result still unsigned
     1>c:\users\ask85\documents\include\gvdb_node.h(137): warning C4146: unary minus operator applied to unsigned type, result still unsigned
     1>c:\users\ask85\documents\include\gvdb_node.h(171): warning C4244: 'initializing' : conversion from 'uint64' to 'int', possible loss of data
     1>c:\users\ask85\documents\include\gvdb_node.h(190): warning C4244: '+=' : conversion from 'uint64' to 'uint32', possible loss of data
     1>C:\Users\ask85\Documents\source\gInteractiveOptix\main_interactive_optix.cpp(50): warning C4305: 'argument' : truncation from 'double' to 'const float'
     1>C:\Users\ask85\Documents\source\gInteractiveOptix\main_interactive_optix.cpp(51): warning C4305: 'argument' : truncation from 'double' to 'const float'
     1>C:\Users\ask85\Documents\source\gInteractiveOptix\main_interactive_optix.cpp(53): warning C4305: 'argument' : truncation from 'double' to 'const float'
     1>C:\Users\ask85\Documents\source\gInteractiveOptix\main_interactive_optix.cpp(57): warning C4305: 'argument' : truncation from 'double' to 'const float'
     1>C:\Users\ask85\Documents\source\gInteractiveOptix\main_interactive_optix.cpp(58): warning C4305: '=' : truncation from 'double' to 'float'
     1>C:\Users\ask85\Documents\source\gInteractiveOptix\main_interactive_optix.cpp(138): warning C4305: 'argument' : truncation from 'double' to 'float'
     1>C:\Users\ask85\Documents\source\gInteractiveOptix\main_interactive_optix.cpp(146): warning C4305: 'argument' : truncation from 'double' to 'float'
         optix_scene.cpp
     1>c:\users\ask85\documents\include\gvdb_vec.h(89): warning C4244: 'argument' : conversion from 'const float' to 'const int', possible loss of data
     1>c:\users\ask85\documents\include\gvdb_vec.h(92): warning C4244: 'argument' : conversion from 'const float' to 'const int', possible loss of data
     1>c:\users\ask85\documents\include\gvdb_vec.h(95): warning C4244: 'argument' : conversion from 'const float' to 'const int', possible loss of data
     1>c:\users\ask85\documents\include\gvdb_vec.h(98): warning C4244: 'argument' : conversion from 'const float' to 'const int', possible loss of data
         gvdb_node
     1>c:\users\ask85\documents\include\gvdb_node.h(125): warning C4146: unary minus operator applied to unsigned type, result still unsigned
     1>c:\users\ask85\documents\include\gvdb_node.h(137): warning C4146: unary minus operator applied to unsigned type, result still unsigned
     1>c:\users\ask85\documents\include\gvdb_node.h(171): warning C4244: 'initializing' : conversion from 'uint64' to 'int', possible loss of data
     1>c:\users\ask85\documents\include\gvdb_node.h(190): warning C4244: '+=' : conversion from 'uint64' to 'uint32', possible loss of data
     1>C:\Users\ask85\Documents\source\gInteractiveOptix\optix_scene.cpp(138): warning C4018: '<' : signed/unsigned mismatch
     1>C:\Users\ask85\Documents\source\gInteractiveOptix\optix_scene.cpp(149): warning C4018: '<' : signed/unsigned mismatch
     1>C:\Users\ask85\Documents\source\gInteractiveOptix\optix_scene.cpp(160): warning C4018: '<' : signed/unsigned mismatch
     1>C:\Users\ask85\Documents\source\gInteractiveOptix\optix_scene.cpp(241): warning C4018: '<' : signed/unsigned mismatch
     1>C:\Users\ask85\Documents\source\gInteractiveOptix\optix_scene.cpp(235): warning C4101: 'v4' : unreferenced local variable
         main_win.cpp
     1>C:\Users\ask85\Documents\source\sample_utils\main_win.cpp(1049): warning C4018: '<' : signed/unsigned mismatch
     1>C:\Users\ask85\Documents\source\sample_utils\main_win.cpp(1071): warning C4018: '<' : signed/unsigned mismatch
     1>C:\Users\ask85\Documents\source\sample_utils\main_win.cpp(1453): warning C4018: '<' : signed/unsigned mismatch
         Generating Code...
         C:\Program Files (x86)\Microsoft Visual Studio 12.0\VC\bin\CL.exe /c /IC:\Users\ask85\Documents\include /IC:\Users\ask85\Documents\source\sample_utils /I"C:\Program Files\NVIDIA GPU Computing Toolkit\CUDA\v7.5\include" /I"c:\ProgramData\NVIDIA Corporation\OptiX SDK 4.0.0\include" /IC:\Users\ask85\Documents\source\gInteractiveOptix /Zi /nologo /W3 /WX- /Od /Ob0 /Oy- /D WIN32 /D _WINDOWS /D USE_GVDB /D USE_CUDA /D USE_OPTIX /D BUILD_OPTIX /D GVDB_IMPORTS /D GLEW_STATIC /D GLEW_NO_GLU /D "ASSET_PATH=\"C:/Users/ask85/Documents/source/shared_assets/\"" /D "CMAKE_INTDIR=\"Debug\"" /D _MBCS /Gm- /EHsc /RTC1 /MDd /GS /fp:precise /Zc:wchar_t /Zc:forScope /GR /Fo"gInteractiveOptix.dir\Debug\\" /Fd"gInteractiveOptix.dir\Debug\vc120.pdb" /Gd /TC /analyze- /errorReport:prompt C:\Users\ask85\Documents\source\sample_utils\glew.c
         glew.c
       Link:
         C:\Program Files (x86)\Microsoft Visual Studio 12.0\VC\bin\link.exe /ERRORREPORT:PROMPT /OUT:"C:\Users\ask85\Documents\GVDB_build\gInteractiveOptix\gInteractiveOptix.exe" /INCREMENTAL /NOLOGO kernel32.lib user32.lib gdi32.lib winspool.lib shell32.lib ole32.lib oleaut32.lib uuid.lib comdlg32.lib advapi32.lib C:\Users\ask85\Documents\lib\libgvdb.lib "C:\Program Files\NVIDIA GPU Computing Toolkit\CUDA\v7.5\lib\Win32\cuda.lib" "c:\ProgramData\NVIDIA Corporation\OptiX SDK 4.0.0\lib64\optix.1.lib" "c:\ProgramData\NVIDIA Corporation\OptiX SDK 4.0.0\lib64\optixu.1.lib" opengl32.lib /MANIFEST /MANIFESTUAC:"level='asInvoker' uiAccess='false'" /manifest:embed /DEBUG /PDB:"C:/Users/ask85/Documents/GVDB_build/gInteractiveOptix/gInteractiveOptix.pdb" /SUBSYSTEM:CONSOLE /TLBID:1 /DYNAMICBASE /NXCOMPAT /IMPLIB:"C:/Users/ask85/Documents/GVDB_build/gInteractiveOptix/Debug/gInteractiveOptix.lib" /MACHINE:X86 /SAFESEH   /machine:X86 gInteractiveOptix.dir\Debug\main_interactive_optix.obj
         gInteractiveOptix.dir\Debug\optix_scene.obj
         gInteractiveOptix.dir\Debug\glew.obj
         gInteractiveOptix.dir\Debug\main_win.obj
            Creating library C:/Users/ask85/Documents/GVDB_build/gInteractiveOptix/Debug/gInteractiveOptix.lib and object C:/Users/ask85/Documents/GVDB_build/gInteractiveOptix/Debug/gInteractiveOptix.exp
     1>optix_scene.obj : error LNK2019: unresolved external symbol __imp__rtVariableSet1f referenced in function "public: void __thiscall optix::VariableObj::setFloat(float)" (?setFloat@VariableObj@optix@@QAEXM@Z)
     1>optix_scene.obj : error LNK2019: unresolved external symbol __imp__rtVariableSet3f referenced in function "public: void __thiscall optix::VariableObj::setFloat(float,float,float)" (?setFloat@VariableObj@optix@@QAEXMMM@Z)
     1>optix_scene.obj : error LNK2019: unresolved external symbol __imp__rtVariableSet1ui referenced in function "public: void __thiscall optix::VariableObj::setUint(unsigned int)" (?setUint@VariableObj@optix@@QAEXI@Z)
     1>optix_scene.obj : error LNK2019: unresolved external symbol __imp__rtVariableSetObject referenced in function "public: void __thiscall optix::VariableObj::set(class optix::Handle<class optix::BufferObj>)" (?set@VariableObj@optix@@QAEXV?$Handle@VBufferObj@optix@@@2@@Z)
     1>optix_scene.obj : error LNK2019: unresolved external symbol __imp__rtVariableSetUserData referenced in function "public: void __thiscall optix::VariableObj::setUserData(unsigned int,void const *)" (?setUserData@VariableObj@optix@@QAEXIPBX@Z)
     1>optix_scene.obj : error LNK2019: unresolved external symbol __imp__rtVariableGetContext referenced in function "public: virtual class optix::Handle<class optix::ContextObj> __thiscall optix::VariableObj::getContext(void)const " (?getContext@VariableObj@optix@@UBE?AV?$Handle@VContextObj@optix@@@2@XZ)
     1>optix_scene.obj : error LNK2019: unresolved external symbol __imp__rtContextCreate referenced in function "public: static class optix::Handle<class optix::ContextObj> __cdecl optix::ContextObj::create(void)" (?create@ContextObj@optix@@SA?AV?$Handle@VContextObj@optix@@@2@XZ)
     1>optix_scene.obj : error LNK2019: unresolved external symbol __imp__rtContextDestroy referenced in function "public: virtual void __thiscall optix::ContextObj::destroy(void)" (?destroy@ContextObj@optix@@UAEXXZ)
     1>optix_scene.obj : error LNK2019: unresolved external symbol __imp__rtContextValidate referenced in function "public: virtual void __thiscall optix::ContextObj::validate(void)" (?validate@ContextObj@optix@@UAEXXZ)
     1>optix_scene.obj : error LNK2019: unresolved external symbol __imp__rtContextGetErrorString referenced in function "public: class std::basic_string<char,struct std::char_traits<char>,class std::allocator<char> > __thiscall optix::ContextObj::getErrorString(enum RTresult)const " (?getErrorString@ContextObj@optix@@QBE?AV?$basic_string@DU?$char_traits@D@std@@V?$allocator@D@2@@std@@W4RTresult@@@Z)
     1>optix_scene.obj : error LNK2019: unresolved external symbol __imp__rtContextSetStackSize referenced in function "public: void __thiscall optix::ContextObj::setStackSize(unsigned int)" (?setStackSize@ContextObj@optix@@QAEXI@Z)
     1>optix_scene.obj : error LNK2019: unresolved external symbol __imp__rtContextSetEntryPointCount referenced in function "public: void __thiscall optix::ContextObj::setEntryPointCount(unsigned int)" (?setEntryPointCount@ContextObj@optix@@QAEXI@Z)
     1>optix_scene.obj : error LNK2019: unresolved external symbol __imp__rtContextSetRayGenerationProgram referenced in function "public: void __thiscall optix::ContextObj::setRayGenerationProgram(unsigned int,class optix::Handle<class optix::ProgramObj>)" (?setRayGenerationProgram@ContextObj@optix@@QAEXIV?$Handle@VProgramObj@optix@@@2@@Z)
     1>optix_scene.obj : error LNK2019: unresolved external symbol __imp__rtContextSetExceptionProgram referenced in function "public: void __thiscall optix::ContextObj::setExceptionProgram(unsigned int,class optix::Handle<class optix::ProgramObj>)" (?setExceptionProgram@ContextObj@optix@@QAEXIV?$Handle@VProgramObj@optix@@@2@@Z)
     1>optix_scene.obj : error LNK2019: unresolved external symbol __imp__rtContextSetRayTypeCount referenced in function "public: void __thiscall optix::ContextObj::setRayTypeCount(unsigned int)" (?setRayTypeCount@ContextObj@optix@@QAEXI@Z)
     1>optix_scene.obj : error LNK2019: unresolved external symbol __imp__rtContextSetMissProgram referenced in function "public: void __thiscall optix::ContextObj::setMissProgram(unsigned int,class optix::Handle<class optix::ProgramObj>)" (?setMissProgram@ContextObj@optix@@QAEXIV?$Handle@VProgramObj@optix@@@2@@Z)
     1>optix_scene.obj : error LNK2019: unresolved external symbol __imp__rtContextCompile referenced in function "public: void __thiscall optix::ContextObj::compile(void)" (?compile@ContextObj@optix@@QAEXXZ)
     1>optix_scene.obj : error LNK2019: unresolved external symbol __imp__rtContextLaunch2D referenced in function "public: void __thiscall optix::ContextObj::launch(unsigned int,unsigned int,unsigned int)" (?launch@ContextObj@optix@@QAEXIII@Z)
     1>optix_scene.obj : error LNK2019: unresolved external symbol __imp__rtContextDeclareVariable referenced in function "public: virtual class optix::Handle<class optix::VariableObj> __thiscall optix::ContextObj::declareVariable(class std::basic_string<char,struct std::char_traits<char>,class std::allocator<char> > const &)" (?declareVariable@ContextObj@optix@@UAE?AV?$Handle@VVariableObj@optix@@@2@ABV?$basic_string@DU?$char_traits@D@std@@V?$allocator@D@2@@std@@@Z)
     1>optix_scene.obj : error LNK2019: unresolved external symbol __imp__rtContextQueryVariable referenced in function "public: virtual class optix::Handle<class optix::VariableObj> __thiscall optix::ContextObj::queryVariable(class std::basic_string<char,struct std::char_traits<char>,class std::allocator<char> > const &)const " (?queryVariable@ContextObj@optix@@UBE?AV?$Handle@VVariableObj@optix@@@2@ABV?$basic_string@DU?$char_traits@D@std@@V?$allocator@D@2@@std@@@Z)
     1>optix_scene.obj : error LNK2019: unresolved external symbol __imp__rtContextRemoveVariable referenced in function "public: virtual void __thiscall optix::ContextObj::removeVariable(class optix::Handle<class optix::VariableObj>)" (?removeVariable@ContextObj@optix@@UAEXV?$Handle@VVariableObj@optix@@@2@@Z)
     1>optix_scene.obj : error LNK2019: unresolved external symbol __imp__rtContextGetVariableCount referenced in function "public: virtual unsigned int __thiscall optix::ContextObj::getVariableCount(void)const " (?getVariableCount@ContextObj@optix@@UBEIXZ)
     1>optix_scene.obj : error LNK2019: unresolved external symbol __imp__rtContextGetVariable referenced in function "public: virtual class optix::Handle<class optix::VariableObj> __thiscall optix::ContextObj::getVariable(unsigned int)const " (?getVariable@ContextObj@optix@@UBE?AV?$Handle@VVariableObj@optix@@@2@I@Z)
     1>optix_scene.obj : error LNK2019: unresolved external symbol __imp__rtProgramCreateFromPTXFile referenced in function "public: class optix::Handle<class optix::ProgramObj> __thiscall optix::ContextObj::createProgramFromPTXFile(class std::basic_string<char,struct std::char_traits<char>,class std::allocator<char> > const &,class std::basic_string<char,struct std::char_traits<char>,class std::allocator<char> > const &)" (?createProgramFromPTXFile@ContextObj@optix@@QAE?AV?$Handle@VProgramObj@optix@@@2@ABV?$basic_string@DU?$char_traits@D@std@@V?$allocator@D@2@@std@@0@Z)
     1>optix_scene.obj : error LNK2019: unresolved external symbol __imp__rtProgramDestroy referenced in function "public: virtual void __thiscall optix::ProgramObj::destroy(void)" (?destroy@ProgramObj@optix@@UAEXXZ)
     1>optix_scene.obj : error LNK2019: unresolved external symbol __imp__rtProgramValidate referenced in function "public: virtual void __thiscall optix::ProgramObj::validate(void)" (?validate@ProgramObj@optix@@UAEXXZ)
     1>optix_scene.obj : error LNK2019: unresolved external symbol __imp__rtProgramGetContext referenced in function "public: virtual class optix::Handle<class optix::ContextObj> __thiscall optix::ProgramObj::getContext(void)const " (?getContext@ProgramObj@optix@@UBE?AV?$Handle@VContextObj@optix@@@2@XZ)
     1>optix_scene.obj : error LNK2019: unresolved external symbol __imp__rtProgramDeclareVariable referenced in function "public: virtual class optix::Handle<class optix::VariableObj> __thiscall optix::ProgramObj::declareVariable(class std::basic_string<char,struct std::char_traits<char>,class std::allocator<char> > const &)" (?declareVariable@ProgramObj@optix@@UAE?AV?$Handle@VVariableObj@optix@@@2@ABV?$basic_string@DU?$char_traits@D@std@@V?$allocator@D@2@@std@@@Z)
     1>optix_scene.obj : error LNK2019: unresolved external symbol __imp__rtProgramQueryVariable referenced in function "public: virtual class optix::Handle<class optix::VariableObj> __thiscall optix::ProgramObj::queryVariable(class std::basic_string<char,struct std::char_traits<char>,class std::allocator<char> > const &)const " (?queryVariable@ProgramObj@optix@@UBE?AV?$Handle@VVariableObj@optix@@@2@ABV?$basic_string@DU?$char_traits@D@std@@V?$allocator@D@2@@std@@@Z)
     1>optix_scene.obj : error LNK2019: unresolved external symbol __imp__rtProgramRemoveVariable referenced in function "public: virtual void __thiscall optix::ProgramObj::removeVariable(class optix::Handle<class optix::VariableObj>)" (?removeVariable@ProgramObj@optix@@UAEXV?$Handle@VVariableObj@optix@@@2@@Z)
     1>optix_scene.obj : error LNK2019: unresolved external symbol __imp__rtProgramGetVariableCount referenced in function "public: virtual unsigned int __thiscall optix::ProgramObj::getVariableCount(void)const " (?getVariableCount@ProgramObj@optix@@UBEIXZ)
     1>optix_scene.obj : error LNK2019: unresolved external symbol __imp__rtProgramGetVariable referenced in function "public: virtual class optix::Handle<class optix::VariableObj> __thiscall optix::ProgramObj::getVariable(unsigned int)const " (?getVariable@ProgramObj@optix@@UBE?AV?$Handle@VVariableObj@optix@@@2@I@Z)
     1>optix_scene.obj : error LNK2019: unresolved external symbol __imp__rtGroupCreate referenced in function "public: class optix::Handle<class optix::GroupObj> __thiscall optix::ContextObj::createGroup(void)" (?createGroup@ContextObj@optix@@QAE?AV?$Handle@VGroupObj@optix@@@2@XZ)
     1>optix_scene.obj : error LNK2019: unresolved external symbol __imp__rtGroupDestroy referenced in function "public: virtual void __thiscall optix::GroupObj::destroy(void)" (?destroy@GroupObj@optix@@UAEXXZ)
     1>optix_scene.obj : error LNK2019: unresolved external symbol __imp__rtGroupValidate referenced in function "public: virtual void __thiscall optix::GroupObj::validate(void)" (?validate@GroupObj@optix@@UAEXXZ)
     1>optix_scene.obj : error LNK2019: unresolved external symbol __imp__rtGroupGetContext referenced in function "public: virtual class optix::Handle<class optix::ContextObj> __thiscall optix::GroupObj::getContext(void)const " (?getContext@GroupObj@optix@@UBE?AV?$Handle@VContextObj@optix@@@2@XZ)
     1>optix_scene.obj : error LNK2019: unresolved external symbol __imp__rtGroupSetAcceleration referenced in function "public: void __thiscall optix::GroupObj::setAcceleration(class optix::Handle<class optix::AccelerationObj>)" (?setAcceleration@GroupObj@optix@@QAEXV?$Handle@VAccelerationObj@optix@@@2@@Z)
     1>optix_scene.obj : error LNK2019: unresolved external symbol __imp__rtGroupSetChildCount referenced in function "public: void __thiscall optix::GroupObj::setChildCount(unsigned int)" (?setChildCount@GroupObj@optix@@QAEXI@Z)
     1>optix_scene.obj : error LNK2019: unresolved external symbol __imp__rtGroupSetChild referenced in function "public: void __thiscall optix::GroupObj::setChild<class optix::Handle<class optix::TransformObj> >(unsigned int,class optix::Handle<class optix::TransformObj>)" (??$setChild@V?$Handle@VTransformObj@optix@@@optix@@@GroupObj@optix@@QAEXIV?$Handle@VTransformObj@optix@@@1@@Z)
     1>optix_scene.obj : error LNK2019: unresolved external symbol __imp__rtTransformCreate referenced in function "public: class optix::Handle<class optix::TransformObj> __thiscall optix::ContextObj::createTransform(void)" (?createTransform@ContextObj@optix@@QAE?AV?$Handle@VTransformObj@optix@@@2@XZ)
     1>optix_scene.obj : error LNK2019: unresolved external symbol __imp__rtTransformDestroy referenced in function "public: virtual void __thiscall optix::TransformObj::destroy(void)" (?destroy@TransformObj@optix@@UAEXXZ)
     1>optix_scene.obj : error LNK2019: unresolved external symbol __imp__rtTransformValidate referenced in function "public: virtual void __thiscall optix::TransformObj::validate(void)" (?validate@TransformObj@optix@@UAEXXZ)
     1>optix_scene.obj : error LNK2019: unresolved external symbol __imp__rtTransformGetContext referenced in function "public: virtual class optix::Handle<class optix::ContextObj> __thiscall optix::TransformObj::getContext(void)const " (?getContext@TransformObj@optix@@UBE?AV?$Handle@VContextObj@optix@@@2@XZ)
     1>optix_scene.obj : error LNK2019: unresolved external symbol __imp__rtTransformSetMatrix referenced in function "public: void __thiscall optix::TransformObj::setMatrix(bool,float const *,float const *)" (?setMatrix@TransformObj@optix@@QAEX_NPBM1@Z)
     1>optix_scene.obj : error LNK2019: unresolved external symbol __imp__rtTransformSetChild referenced in function "public: void __thiscall optix::TransformObj::setChild<class optix::Handle<class optix::GeometryGroupObj> >(class optix::Handle<class optix::GeometryGroupObj>)" (??$setChild@V?$Handle@VGeometryGroupObj@optix@@@optix@@@TransformObj@optix@@QAEXV?$Handle@VGeometryGroupObj@optix@@@1@@Z)
     1>optix_scene.obj : error LNK2019: unresolved external symbol __imp__rtTransformGetChild referenced in function "public: class optix::Handle<class optix::GeometryGroupObj> __thiscall optix::TransformObj::getChild<class optix::Handle<class optix::GeometryGroupObj> >(void)const " (??$getChild@V?$Handle@VGeometryGroupObj@optix@@@optix@@@TransformObj@optix@@QBE?AV?$Handle@VGeometryGroupObj@optix@@@1@XZ)
     1>optix_scene.obj : error LNK2019: unresolved external symbol __imp__rtGeometryGroupCreate referenced in function "public: class optix::Handle<class optix::GeometryGroupObj> __thiscall optix::ContextObj::createGeometryGroup(void)" (?createGeometryGroup@ContextObj@optix@@QAE?AV?$Handle@VGeometryGroupObj@optix@@@2@XZ)
     1>optix_scene.obj : error LNK2019: unresolved external symbol __imp__rtGeometryGroupDestroy referenced in function "public: virtual void __thiscall optix::GeometryGroupObj::destroy(void)" (?destroy@GeometryGroupObj@optix@@UAEXXZ)
     1>optix_scene.obj : error LNK2019: unresolved external symbol __imp__rtGeometryGroupValidate referenced in function "public: virtual void __thiscall optix::GeometryGroupObj::validate(void)" (?validate@GeometryGroupObj@optix@@UAEXXZ)
     1>optix_scene.obj : error LNK2019: unresolved external symbol __imp__rtGeometryGroupGetContext referenced in function "public: virtual class optix::Handle<class optix::ContextObj> __thiscall optix::GeometryGroupObj::getContext(void)const " (?getContext@GeometryGroupObj@optix@@UBE?AV?$Handle@VContextObj@optix@@@2@XZ)
     1>optix_scene.obj : error LNK2019: unresolved external symbol __imp__rtGeometryGroupSetAcceleration referenced in function "public: void __thiscall optix::GeometryGroupObj::setAcceleration(class optix::Handle<class optix::AccelerationObj>)" (?setAcceleration@GeometryGroupObj@optix@@QAEXV?$Handle@VAccelerationObj@optix@@@2@@Z)
     1>optix_scene.obj : error LNK2019: unresolved external symbol __imp__rtGeometryGroupSetChildCount referenced in function "public: void __thiscall optix::GeometryGroupObj::setChildCount(unsigned int)" (?setChildCount@GeometryGroupObj@optix@@QAEXI@Z)
     1>optix_scene.obj : error LNK2019: unresolved external symbol __imp__rtGeometryGroupSetChild referenced in function "public: void __thiscall optix::GeometryGroupObj::setChild(unsigned int,class optix::Handle<class optix::GeometryInstanceObj>)" (?setChild@GeometryGroupObj@optix@@QAEXIV?$Handle@VGeometryInstanceObj@optix@@@2@@Z)
     1>optix_scene.obj : error LNK2019: unresolved external symbol __imp__rtGeometryGroupGetChild referenced in function "public: class optix::Handle<class optix::GeometryInstanceObj> __thiscall optix::GeometryGroupObj::getChild(unsigned int)const " (?getChild@GeometryGroupObj@optix@@QBE?AV?$Handle@VGeometryInstanceObj@optix@@@2@I@Z)
     1>optix_scene.obj : error LNK2019: unresolved external symbol __imp__rtAccelerationCreate referenced in function "public: class optix::Handle<class optix::AccelerationObj> __thiscall optix::ContextObj::createAcceleration(class std::basic_string<char,struct std::char_traits<char>,class std::allocator<char> > const &,class std::basic_string<char,struct std::char_traits<char>,class std::allocator<char> > const &)" (?createAcceleration@ContextObj@optix@@QAE?AV?$Handle@VAccelerationObj@optix@@@2@ABV?$basic_string@DU?$char_traits@D@std@@V?$allocator@D@2@@std@@0@Z)
     1>optix_scene.obj : error LNK2019: unresolved external symbol __imp__rtAccelerationDestroy referenced in function "public: virtual void __thiscall optix::AccelerationObj::destroy(void)" (?destroy@AccelerationObj@optix@@UAEXXZ)
     1>optix_scene.obj : error LNK2019: unresolved external symbol __imp__rtAccelerationValidate referenced in function "public: virtual void __thiscall optix::AccelerationObj::validate(void)" (?validate@AccelerationObj@optix@@UAEXXZ)
     1>optix_scene.obj : error LNK2019: unresolved external symbol __imp__rtAccelerationGetContext referenced in function "public: virtual class optix::Handle<class optix::ContextObj> __thiscall optix::AccelerationObj::getContext(void)const " (?getContext@AccelerationObj@optix@@UBE?AV?$Handle@VContextObj@optix@@@2@XZ)
     1>optix_scene.obj : error LNK2019: unresolved external symbol __imp__rtAccelerationSetBuilder referenced in function "public: class optix::Handle<class optix::AccelerationObj> __thiscall optix::ContextObj::createAcceleration(class std::basic_string<char,struct std::char_traits<char>,class std::allocator<char> > const &,class std::basic_string<char,struct std::char_traits<char>,class std::allocator<char> > const &)" (?createAcceleration@ContextObj@optix@@QAE?AV?$Handle@VAccelerationObj@optix@@@2@ABV?$basic_string@DU?$char_traits@D@std@@V?$allocator@D@2@@std@@0@Z)
     1>optix_scene.obj : error LNK2019: unresolved external symbol __imp__rtAccelerationSetTraverser referenced in function "public: class optix::Handle<class optix::AccelerationObj> __thiscall optix::ContextObj::createAcceleration(class std::basic_string<char,struct std::char_traits<char>,class std::allocator<char> > const &,class std::basic_string<char,struct std::char_traits<char>,class std::allocator<char> > const &)" (?createAcceleration@ContextObj@optix@@QAE?AV?$Handle@VAccelerationObj@optix@@@2@ABV?$basic_string@DU?$char_traits@D@std@@V?$allocator@D@2@@std@@0@Z)
     1>optix_scene.obj : error LNK2019: unresolved external symbol __imp__rtAccelerationSetProperty referenced in function "public: void __thiscall optix::AccelerationObj::setProperty(class std::basic_string<char,struct std::char_traits<char>,class std::allocator<char> > const &,class std::basic_string<char,struct std::char_traits<char>,class std::allocator<char> > const &)" (?setProperty@AccelerationObj@optix@@QAEXABV?$basic_string@DU?$char_traits@D@std@@V?$allocator@D@2@@std@@0@Z)
     1>optix_scene.obj : error LNK2019: unresolved external symbol __imp__rtAccelerationMarkDirty referenced in function "public: void __thiscall optix::AccelerationObj::markDirty(void)" (?markDirty@AccelerationObj@optix@@QAEXXZ)
     1>optix_scene.obj : error LNK2019: unresolved external symbol __imp__rtGeometryInstanceCreate referenced in function "public: class optix::Handle<class optix::GeometryInstanceObj> __thiscall optix::ContextObj::createGeometryInstance(void)" (?createGeometryInstance@ContextObj@optix@@QAE?AV?$Handle@VGeometryInstanceObj@optix@@@2@XZ)
     1>optix_scene.obj : error LNK2019: unresolved external symbol __imp__rtGeometryInstanceDestroy referenced in function "public: virtual void __thiscall optix::GeometryInstanceObj::destroy(void)" (?destroy@GeometryInstanceObj@optix@@UAEXXZ)
     1>optix_scene.obj : error LNK2019: unresolved external symbol __imp__rtGeometryInstanceValidate referenced in function "public: virtual void __thiscall optix::GeometryInstanceObj::validate(void)" (?validate@GeometryInstanceObj@optix@@UAEXXZ)
     1>optix_scene.obj : error LNK2019: unresolved external symbol __imp__rtGeometryInstanceGetContext referenced in function "public: virtual class optix::Handle<class optix::ContextObj> __thiscall optix::GeometryInstanceObj::getContext(void)const " (?getContext@GeometryInstanceObj@optix@@UBE?AV?$Handle@VContextObj@optix@@@2@XZ)
     1>optix_scene.obj : error LNK2019: unresolved external symbol __imp__rtGeometryInstanceSetGeometry referenced in function "public: void __thiscall optix::GeometryInstanceObj::setGeometry(class optix::Handle<class optix::GeometryObj>)" (?setGeometry@GeometryInstanceObj@optix@@QAEXV?$Handle@VGeometryObj@optix@@@2@@Z)
     1>optix_scene.obj : error LNK2019: unresolved external symbol __imp__rtGeometryInstanceGetGeometry referenced in function "public: class optix::Handle<class optix::GeometryObj> __thiscall optix::GeometryInstanceObj::getGeometry(void)const " (?getGeometry@GeometryInstanceObj@optix@@QBE?AV?$Handle@VGeometryObj@optix@@@2@XZ)
     1>optix_scene.obj : error LNK2019: unresolved external symbol __imp__rtGeometryInstanceSetMaterialCount referenced in function "public: void __thiscall optix::GeometryInstanceObj::setMaterialCount(unsigned int)" (?setMaterialCount@GeometryInstanceObj@optix@@QAEXI@Z)
     1>optix_scene.obj : error LNK2019: unresolved external symbol __imp__rtGeometryInstanceSetMaterial referenced in function "public: void __thiscall optix::GeometryInstanceObj::setMaterial(unsigned int,class optix::Handle<class optix::MaterialObj>)" (?setMaterial@GeometryInstanceObj@optix@@QAEXIV?$Handle@VMaterialObj@optix@@@2@@Z)
     1>optix_scene.obj : error LNK2019: unresolved external symbol __imp__rtGeometryInstanceDeclareVariable referenced in function "public: virtual class optix::Handle<class optix::VariableObj> __thiscall optix::GeometryInstanceObj::declareVariable(class std::basic_string<char,struct std::char_traits<char>,class std::allocator<char> > const &)" (?declareVariable@GeometryInstanceObj@optix@@UAE?AV?$Handle@VVariableObj@optix@@@2@ABV?$basic_string@DU?$char_traits@D@std@@V?$allocator@D@2@@std@@@Z)
     1>optix_scene.obj : error LNK2019: unresolved external symbol __imp__rtGeometryInstanceQueryVariable referenced in function "public: virtual class optix::Handle<class optix::VariableObj> __thiscall optix::GeometryInstanceObj::queryVariable(class std::basic_string<char,struct std::char_traits<char>,class std::allocator<char> > const &)const " (?queryVariable@GeometryInstanceObj@optix@@UBE?AV?$Handle@VVariableObj@optix@@@2@ABV?$basic_string@DU?$char_traits@D@std@@V?$allocator@D@2@@std@@@Z)
     1>optix_scene.obj : error LNK2019: unresolved external symbol __imp__rtGeometryInstanceRemoveVariable referenced in function "public: virtual void __thiscall optix::GeometryInstanceObj::removeVariable(class optix::Handle<class optix::VariableObj>)" (?removeVariable@GeometryInstanceObj@optix@@UAEXV?$Handle@VVariableObj@optix@@@2@@Z)
     1>optix_scene.obj : error LNK2019: unresolved external symbol __imp__rtGeometryInstanceGetVariableCount referenced in function "public: virtual unsigned int __thiscall optix::GeometryInstanceObj::getVariableCount(void)const " (?getVariableCount@GeometryInstanceObj@optix@@UBEIXZ)
     1>optix_scene.obj : error LNK2019: unresolved external symbol __imp__rtGeometryInstanceGetVariable referenced in function "public: virtual class optix::Handle<class optix::VariableObj> __thiscall optix::GeometryInstanceObj::getVariable(unsigned int)const " (?getVariable@GeometryInstanceObj@optix@@UBE?AV?$Handle@VVariableObj@optix@@@2@I@Z)
     1>optix_scene.obj : error LNK2019: unresolved external symbol __imp__rtGeometryCreate referenced in function "public: class optix::Handle<class optix::GeometryObj> __thiscall optix::ContextObj::createGeometry(void)" (?createGeometry@ContextObj@optix@@QAE?AV?$Handle@VGeometryObj@optix@@@2@XZ)
     1>optix_scene.obj : error LNK2019: unresolved external symbol __imp__rtGeometryDestroy referenced in function "public: virtual void __thiscall optix::GeometryObj::destroy(void)" (?destroy@GeometryObj@optix@@UAEXXZ)
     1>optix_scene.obj : error LNK2019: unresolved external symbol __imp__rtGeometryValidate referenced in function "public: virtual void __thiscall optix::GeometryObj::validate(void)" (?validate@GeometryObj@optix@@UAEXXZ)
     1>optix_scene.obj : error LNK2019: unresolved external symbol __imp__rtGeometryGetContext referenced in function "public: virtual class optix::Handle<class optix::ContextObj> __thiscall optix::GeometryObj::getContext(void)const " (?getContext@GeometryObj@optix@@UBE?AV?$Handle@VContextObj@optix@@@2@XZ)
     1>optix_scene.obj : error LNK2019: unresolved external symbol __imp__rtGeometrySetPrimitiveCount referenced in function "public: void __thiscall optix::GeometryObj::setPrimitiveCount(unsigned int)" (?setPrimitiveCount@GeometryObj@optix@@QAEXI@Z)
     1>optix_scene.obj : error LNK2019: unresolved external symbol __imp__rtGeometrySetBoundingBoxProgram referenced in function "public: void __thiscall optix::GeometryObj::setBoundingBoxProgram(class optix::Handle<class optix::ProgramObj>)" (?setBoundingBoxProgram@GeometryObj@optix@@QAEXV?$Handle@VProgramObj@optix@@@2@@Z)
     1>optix_scene.obj : error LNK2019: unresolved external symbol __imp__rtGeometrySetIntersectionProgram referenced in function "public: void __thiscall optix::GeometryObj::setIntersectionProgram(class optix::Handle<class optix::ProgramObj>)" (?setIntersectionProgram@GeometryObj@optix@@QAEXV?$Handle@VProgramObj@optix@@@2@@Z)
     1>optix_scene.obj : error LNK2019: unresolved external symbol __imp__rtGeometryDeclareVariable referenced in function "public: virtual class optix::Handle<class optix::VariableObj> __thiscall optix::GeometryObj::declareVariable(class std::basic_string<char,struct std::char_traits<char>,class std::allocator<char> > const &)" (?declareVariable@GeometryObj@optix@@UAE?AV?$Handle@VVariableObj@optix@@@2@ABV?$basic_string@DU?$char_traits@D@std@@V?$allocator@D@2@@std@@@Z)
     1>optix_scene.obj : error LNK2019: unresolved external symbol __imp__rtGeometryQueryVariable referenced in function "public: virtual class optix::Handle<class optix::VariableObj> __thiscall optix::GeometryObj::queryVariable(class std::basic_string<char,struct std::char_traits<char>,class std::allocator<char> > const &)const " (?queryVariable@GeometryObj@optix@@UBE?AV?$Handle@VVariableObj@optix@@@2@ABV?$basic_string@DU?$char_traits@D@std@@V?$allocator@D@2@@std@@@Z)
     1>optix_scene.obj : error LNK2019: unresolved external symbol __imp__rtGeometryRemoveVariable referenced in function "public: virtual void __thiscall optix::GeometryObj::removeVariable(class optix::Handle<class optix::VariableObj>)" (?removeVariable@GeometryObj@optix@@UAEXV?$Handle@VVariableObj@optix@@@2@@Z)
     1>optix_scene.obj : error LNK2019: unresolved external symbol __imp__rtGeometryGetVariableCount referenced in function "public: virtual unsigned int __thiscall optix::GeometryObj::getVariableCount(void)const " (?getVariableCount@GeometryObj@optix@@UBEIXZ)
     1>optix_scene.obj : error LNK2019: unresolved external symbol __imp__rtGeometryGetVariable referenced in function "public: virtual class optix::Handle<class optix::VariableObj> __thiscall optix::GeometryObj::getVariable(unsigned int)const " (?getVariable@GeometryObj@optix@@UBE?AV?$Handle@VVariableObj@optix@@@2@I@Z)
     1>optix_scene.obj : error LNK2019: unresolved external symbol __imp__rtMaterialCreate referenced in function "public: class optix::Handle<class optix::MaterialObj> __thiscall optix::ContextObj::createMaterial(void)" (?createMaterial@ContextObj@optix@@QAE?AV?$Handle@VMaterialObj@optix@@@2@XZ)
     1>optix_scene.obj : error LNK2019: unresolved external symbol __imp__rtMaterialDestroy referenced in function "public: virtual void __thiscall optix::MaterialObj::destroy(void)" (?destroy@MaterialObj@optix@@UAEXXZ)
     1>optix_scene.obj : error LNK2019: unresolved external symbol __imp__rtMaterialValidate referenced in function "public: virtual void __thiscall optix::MaterialObj::validate(void)" (?validate@MaterialObj@optix@@UAEXXZ)
     1>optix_scene.obj : error LNK2019: unresolved external symbol __imp__rtMaterialGetContext referenced in function "public: virtual class optix::Handle<class optix::ContextObj> __thiscall optix::MaterialObj::getContext(void)const " (?getContext@MaterialObj@optix@@UBE?AV?$Handle@VContextObj@optix@@@2@XZ)
     1>optix_scene.obj : error LNK2019: unresolved external symbol __imp__rtMaterialSetClosestHitProgram referenced in function "public: void __thiscall optix::MaterialObj::setClosestHitProgram(unsigned int,class optix::Handle<class optix::ProgramObj>)" (?setClosestHitProgram@MaterialObj@optix@@QAEXIV?$Handle@VProgramObj@optix@@@2@@Z)
     1>optix_scene.obj : error LNK2019: unresolved external symbol __imp__rtMaterialSetAnyHitProgram referenced in function "public: void __thiscall optix::MaterialObj::setAnyHitProgram(unsigned int,class optix::Handle<class optix::ProgramObj>)" (?setAnyHitProgram@MaterialObj@optix@@QAEXIV?$Handle@VProgramObj@optix@@@2@@Z)
     1>optix_scene.obj : error LNK2019: unresolved external symbol __imp__rtMaterialDeclareVariable referenced in function "public: virtual class optix::Handle<class optix::VariableObj> __thiscall optix::MaterialObj::declareVariable(class std::basic_string<char,struct std::char_traits<char>,class std::allocator<char> > const &)" (?declareVariable@MaterialObj@optix@@UAE?AV?$Handle@VVariableObj@optix@@@2@ABV?$basic_string@DU?$char_traits@D@std@@V?$allocator@D@2@@std@@@Z)
     1>optix_scene.obj : error LNK2019: unresolved external symbol __imp__rtMaterialQueryVariable referenced in function "public: virtual class optix::Handle<class optix::VariableObj> __thiscall optix::MaterialObj::queryVariable(class std::basic_string<char,struct std::char_traits<char>,class std::allocator<char> > const &)const " (?queryVariable@MaterialObj@optix@@UBE?AV?$Handle@VVariableObj@optix@@@2@ABV?$basic_string@DU?$char_traits@D@std@@V?$allocator@D@2@@std@@@Z)
     1>optix_scene.obj : error LNK2019: unresolved external symbol __imp__rtMaterialRemoveVariable referenced in function "public: virtual void __thiscall optix::MaterialObj::removeVariable(class optix::Handle<class optix::VariableObj>)" (?removeVariable@MaterialObj@optix@@UAEXV?$Handle@VVariableObj@optix@@@2@@Z)
     1>optix_scene.obj : error LNK2019: unresolved external symbol __imp__rtMaterialGetVariableCount referenced in function "public: virtual unsigned int __thiscall optix::MaterialObj::getVariableCount(void)const " (?getVariableCount@MaterialObj@optix@@UBEIXZ)
     1>optix_scene.obj : error LNK2019: unresolved external symbol __imp__rtMaterialGetVariable referenced in function "public: virtual class optix::Handle<class optix::VariableObj> __thiscall optix::MaterialObj::getVariable(unsigned int)const " (?getVariable@MaterialObj@optix@@UBE?AV?$Handle@VVariableObj@optix@@@2@I@Z)
     1>optix_scene.obj : error LNK2019: unresolved external symbol __imp__rtTextureSamplerDestroy referenced in function "public: virtual void __thiscall optix::TextureSamplerObj::destroy(void)" (?destroy@TextureSamplerObj@optix@@UAEXXZ)
     1>optix_scene.obj : error LNK2019: unresolved external symbol __imp__rtTextureSamplerValidate referenced in function "public: virtual void __thiscall optix::TextureSamplerObj::validate(void)" (?validate@TextureSamplerObj@optix@@UAEXXZ)
     1>optix_scene.obj : error LNK2019: unresolved external symbol __imp__rtTextureSamplerGetContext referenced in function "public: virtual class optix::Handle<class optix::ContextObj> __thiscall optix::TextureSamplerObj::getContext(void)const " (?getContext@TextureSamplerObj@optix@@UBE?AV?$Handle@VContextObj@optix@@@2@XZ)
     1>optix_scene.obj : error LNK2019: unresolved external symbol __imp__rtTextureSamplerSetWrapMode referenced in function "public: void __thiscall optix::TextureSamplerObj::setWrapMode(unsigned int,enum RTwrapmode)" (?setWrapMode@TextureSamplerObj@optix@@QAEXIW4RTwrapmode@@@Z)
     1>optix_scene.obj : error LNK2019: unresolved external symbol __imp__rtTextureSamplerSetFilteringModes referenced in function "public: void __thiscall optix::TextureSamplerObj::setFilteringModes(enum RTfiltermode,enum RTfiltermode,enum RTfiltermode)" (?setFilteringModes@TextureSamplerObj@optix@@QAEXW4RTfiltermode@@00@Z)
     1>optix_scene.obj : error LNK2019: unresolved external symbol __imp__rtTextureSamplerSetReadMode referenced in function "public: void __thiscall optix::TextureSamplerObj::setReadMode(enum RTtexturereadmode)" (?setReadMode@TextureSamplerObj@optix@@QAEXW4RTtexturereadmode@@@Z)
     1>optix_scene.obj : error LNK2019: unresolved external symbol __imp__rtTextureSamplerSetIndexingMode referenced in function "public: void __thiscall optix::TextureSamplerObj::setIndexingMode(enum RTtextureindexmode)" (?setIndexingMode@TextureSamplerObj@optix@@QAEXW4RTtextureindexmode@@@Z)
     1>optix_scene.obj : error LNK2019: unresolved external symbol __imp__rtBufferCreate referenced in function "public: class optix::Handle<class optix::BufferObj> __thiscall optix::ContextObj::createBuffer(unsigned int,enum RTformat,unsigned int)" (?createBuffer@ContextObj@optix@@QAE?AV?$Handle@VBufferObj@optix@@@2@IW4RTformat@@I@Z)
     1>optix_scene.obj : error LNK2019: unresolved external symbol __imp__rtBufferDestroy referenced in function "public: virtual void __thiscall optix::BufferObj::destroy(void)" (?destroy@BufferObj@optix@@UAEXXZ)
     1>optix_scene.obj : error LNK2019: unresolved external symbol __imp__rtBufferValidate referenced in function "public: virtual void __thiscall optix::BufferObj::validate(void)" (?validate@BufferObj@optix@@UAEXXZ)
     1>optix_scene.obj : error LNK2019: unresolved external symbol __imp__rtBufferGetContext referenced in function "public: virtual class optix::Handle<class optix::ContextObj> __thiscall optix::BufferObj::getContext(void)const " (?getContext@BufferObj@optix@@UBE?AV?$Handle@VContextObj@optix@@@2@XZ)
     1>optix_scene.obj : error LNK2019: unresolved external symbol __imp__rtBufferSetFormat referenced in function "public: class optix::Handle<class optix::BufferObj> __thiscall optix::ContextObj::createBuffer(unsigned int,enum RTformat,unsigned int)" (?createBuffer@ContextObj@optix@@QAE?AV?$Handle@VBufferObj@optix@@@2@IW4RTformat@@I@Z)
     1>optix_scene.obj : error LNK2019: unresolved external symbol __imp__rtBufferGetFormat referenced in function "public: enum RTformat __thiscall optix::BufferObj::getFormat(void)const " (?getFormat@BufferObj@optix@@QBE?AW4RTformat@@XZ)
     1>optix_scene.obj : error LNK2019: unresolved external symbol __imp__rtBufferGetElementSize referenced in function "public: unsigned int __thiscall optix::BufferObj::getElementSize(void)const " (?getElementSize@BufferObj@optix@@QBEIXZ)
     1>optix_scene.obj : error LNK2019: unresolved external symbol __imp__rtBufferSetSize1D referenced in function "public: class optix::Handle<class optix::BufferObj> __thiscall optix::ContextObj::createBuffer(unsigned int,enum RTformat,unsigned int)" (?createBuffer@ContextObj@optix@@QAE?AV?$Handle@VBufferObj@optix@@@2@IW4RTformat@@I@Z)
     1>optix_scene.obj : error LNK2019: unresolved external symbol __imp__rtBufferSetSize2D referenced in function "public: class optix::Handle<class optix::BufferObj> __thiscall optix::ContextObj::createBuffer(unsigned int,enum RTformat,unsigned int,unsigned int)" (?createBuffer@ContextObj@optix@@QAE?AV?$Handle@VBufferObj@optix@@@2@IW4RTformat@@II@Z)
     1>optix_scene.obj : error LNK2019: unresolved external symbol __imp__rtBufferGetSize2D referenced in function "public: void __thiscall optix::BufferObj::getSize(unsigned int &,unsigned int &)const " (?getSize@BufferObj@optix@@QBEXAAI0@Z)
     1>optix_scene.obj : error LNK2019: unresolved external symbol __imp__rtBufferMap referenced in function "public: void * __thiscall optix::BufferObj::map(void)" (?map@BufferObj@optix@@QAEPAXXZ)
     1>optix_scene.obj : error LNK2019: unresolved external symbol __imp__rtBufferUnmap referenced in function "public: void __thiscall optix::BufferObj::unmap(void)" (?unmap@BufferObj@optix@@QAEXXZ)
     1>optix_scene.obj : error LNK2019: unresolved external symbol __imp__rtuGetSizeForRTformat referenced in function "public: class optix::Handle<class optix::BufferObj> __thiscall OptixScene::CreateOutputOptix(enum RTformat,unsigned int,unsigned int)" (?CreateOutputOptix@OptixScene@@QAE?AV?$Handle@VBufferObj@optix@@@optix@@W4RTformat@@II@Z)
     1>optix_scene.obj : error LNK2019: unresolved external symbol __imp__rtBufferCreateFromGLBO referenced in function "public: class optix::Handle<class optix::BufferObj> __thiscall optix::ContextObj::createBufferFromGLBO(unsigned int,unsigned int)" (?createBufferFromGLBO@ContextObj@optix@@QAE?AV?$Handle@VBufferObj@optix@@@2@II@Z)
     1>optix_scene.obj : error LNK2019: unresolved external symbol __imp__rtTextureSamplerCreateFromGLImage referenced in function "public: class optix::Handle<class optix::TextureSamplerObj> __thiscall optix::ContextObj::createTextureSamplerFromGLImage(unsigned int,enum RTgltarget)" (?createTextureSamplerFromGLImage@ContextObj@optix@@QAE?AV?$Handle@VTextureSamplerObj@optix@@@2@IW4RTgltarget@@@Z)
     1>optix_scene.obj : error LNK2019: unresolved external symbol __imp__rtBufferGetGLBOId referenced in function "public: unsigned int __thiscall optix::BufferObj::getGLBOId(void)const " (?getGLBOId@BufferObj@optix@@QBEIXZ)
     1>C:\Users\ask85\Documents\GVDB_build\gInteractiveOptix\gInteractiveOptix.exe : fatal error LNK1120: 121 unresolved externals
     1>Done Building Project "C:\Users\ask85\Documents\GVDB_build\gInteractiveOptix\gInteractiveOptix.vcxproj" (Build target(s)) -- FAILED.

Build FAILED.

Time Elapsed 00:00:24.41
